2022-04-18 22:34:53,913:INFO:PyCaret Supervised Module
2022-04-18 22:34:53,913:INFO:ML Usecase: classification
2022-04-18 22:34:53,913:INFO:version 2.3.4
2022-04-18 22:34:53,913:INFO:Initializing setup()
2022-04-18 22:34:53,913:INFO:setup(target=ALLOW, ml_usecase=classification, available_plots={'parameter': 'Hyperparameters', 'auc': 'AUC', 'confusion_matrix': 'Confusion Matrix', 'threshold': 'Threshold', 'pr': 'Precision Recall', 'error': 'Prediction Error', 'class_report': 'Class Report', 'rfe': 'Feature Selection', 'learning': 'Learning Curve', 'manifold': 'Manifold Learning', 'calibration': 'Calibration Curve', 'vc': 'Validation Curve', 'dimension': 'Dimensions', 'feature': 'Feature Importance', 'feature_all': 'Feature Importance (All)', 'boundary': 'Decision Boundary', 'lift': 'Lift Chart', 'gain': 'Gain Chart', 'tree': 'Decision Tree', 'ks': 'KS Statistic Plot'}, train_size=0.7, test_data=None, preprocess=True, imputation_type=simple, iterative_imputation_iters=5, categorical_features=None, categorical_imputation=constant, categorical_iterative_imputer=lightgbm, ordinal_features=None, high_cardinality_features=None, high_cardinality_method=frequency, numeric_features=None, numeric_imputation=mean, numeric_iterative_imputer=lightgbm, date_features=None, ignore_features=None, normalize=False, normalize_method=zscore, transformation=False, transformation_method=yeo-johnson, handle_unknown_categorical=True, unknown_categorical_method=least_frequent, pca=False, pca_method=linear, pca_components=None, ignore_low_variance=False, combine_rare_levels=False, rare_level_threshold=0.1, bin_numeric_features=None, remove_outliers=False, outliers_threshold=0.05, remove_multicollinearity=False, multicollinearity_threshold=0.9, remove_perfect_collinearity=True, create_clusters=False, cluster_iter=20, polynomial_features=False, polynomial_degree=2, trigonometry_features=False, polynomial_threshold=0.1, group_features=None, group_names=None, feature_selection=False, feature_selection_threshold=0.8, feature_selection_method=classic, feature_interaction=False, feature_ratio=False, interaction_threshold=0.01, fix_imbalance=False, fix_imbalance_method=None, transform_target=False, transform_target_method=box-cox, data_split_shuffle=True, data_split_stratify=False, fold_strategy=stratifiedkfold, fold=10, fold_shuffle=False, fold_groups=None, n_jobs=-1, use_gpu=False, custom_pipeline=None, html=True, session_id=None, log_experiment=False, experiment_name=None, log_plots=False, log_profile=False, log_data=False, silent=False, verbose=True, profile=False, profile_kwargs=None, display=None)
2022-04-18 22:34:53,913:INFO:Checking environment
2022-04-18 22:34:53,913:INFO:python_version: 3.8.10
2022-04-18 22:34:53,913:INFO:python_build: ('default', 'Mar 15 2022 12:22:08')
2022-04-18 22:34:53,913:INFO:machine: x86_64
2022-04-18 22:34:53,921:INFO:platform: Linux-5.13.0-39-generic-x86_64-with-glibc2.29
2022-04-18 22:34:53,921:INFO:Memory: svmem(total=8076918784, available=2578771968, percent=68.1, used=4835733504, free=154955776, active=1630949376, inactive=5690187776, buffers=240214016, cached=2846015488, shared=350265344, slab=347713536)
2022-04-18 22:34:53,921:INFO:Physical Core: 4
2022-04-18 22:34:53,921:INFO:Logical Core: 8
2022-04-18 22:34:53,921:INFO:Checking libraries
2022-04-18 22:34:53,921:INFO:pd==1.2.4
2022-04-18 22:34:53,921:INFO:numpy==1.19.5
2022-04-18 22:34:53,921:INFO:sklearn==0.23.2
2022-04-18 22:34:53,921:INFO:lightgbm==3.3.1
2022-04-18 22:34:53,922:WARNING:catboost not found
2022-04-18 22:34:53,922:WARNING:xgboost not found
2022-04-18 22:34:54,098:INFO:mlflow==1.21.0
2022-04-18 22:34:54,098:INFO:Checking Exceptions
2022-04-18 22:34:54,098:INFO:Declaring global variables
2022-04-18 22:34:54,098:INFO:USI: 0307
2022-04-18 22:34:54,099:INFO:pycaret_globals: {'_all_metrics', 'target_param', '_all_models_internal', 'iterative_imputation_iters_param', 'fold_generator', 'imputation_classifier', 'fold_param', 'fix_imbalance_param', 'transform_target_method_param', 'log_plots_param', 'data_before_preprocess', '_all_models', 'imputation_regressor', 'y_train', 'X', '_ml_usecase', 'experiment__', 'gpu_param', 'create_model_container', 'stratify_param', 'n_jobs_param', 'display_container', 'logging_param', 'transform_target_param', 'fix_imbalance_method_param', '_internal_pipeline', 'y_test', 'fold_shuffle_param', '_available_plots', 'pycaret_globals', 'exp_name_log', 'X_train', '_gpu_n_jobs_param', 'y', 'X_test', 'html_param', 'prep_pipe', 'fold_groups_param_full', 'fold_groups_param', 'seed', 'USI', 'master_model_container'}
2022-04-18 22:34:54,099:INFO:Preparing display monitor
2022-04-18 22:34:54,099:INFO:Preparing display monitor
2022-04-18 22:34:54,110:INFO:Importing libraries
2022-04-18 22:34:54,111:INFO:Copying data for preprocessing
2022-04-18 22:34:54,120:INFO:Declaring preprocessing parameters
2022-04-18 22:34:54,122:INFO:Creating preprocessing pipeline
2022-04-18 22:34:54,139:INFO:Preprocessing pipeline created successfully
2022-04-18 22:34:54,139:ERROR:(Process Exit): setup has been interupted with user command 'quit'. setup must rerun.
2022-04-18 22:34:54,139:INFO:Creating global containers
2022-04-18 22:34:54,140:INFO:Internal pipeline: Pipeline(memory=None, steps=[('empty_step', 'passthrough')], verbose=False)
2022-04-18 22:34:56,402:WARNING:Couldn't import xgboost.XGBClassifier
2022-04-18 22:34:56,403:WARNING:Couldn't import catboost.CatBoostClassifier
2022-04-18 22:34:56,461:WARNING:Couldn't import xgboost.XGBClassifier
2022-04-18 22:34:56,461:WARNING:Couldn't import catboost.CatBoostClassifier
2022-04-18 22:34:56,462:INFO:Creating grid variables
2022-04-18 22:34:56,478:INFO:create_model_container: 0
2022-04-18 22:34:56,479:INFO:master_model_container: 0
2022-04-18 22:34:56,479:INFO:display_container: 1
2022-04-18 22:34:56,484:INFO:Pipeline(memory=None,
         steps=[('dtypes',
                 DataTypes_Auto_infer(categorical_features=[],
                                      display_types=True, features_todrop=[],
                                      id_columns=[],
                                      ml_usecase='classification',
                                      numerical_features=[], target='ALLOW',
                                      time_features=[])),
                ('imputer',
                 Simple_Imputer(categorical_strategy='not_available',
                                fill_value_categorical=None,
                                fill_value_numerical=None,
                                numeric_strate...
                ('scaling', 'passthrough'), ('P_transform', 'passthrough'),
                ('binn', 'passthrough'), ('rem_outliers', 'passthrough'),
                ('cluster_all', 'passthrough'),
                ('dummy', Dummify(target='ALLOW')),
                ('fix_perfect', Remove_100(target='ALLOW')),
                ('clean_names', Clean_Colum_Names()),
                ('feature_select', 'passthrough'), ('fix_multi', 'passthrough'),
                ('dfs', 'passthrough'), ('pca', 'passthrough')],
         verbose=False)
2022-04-18 22:34:56,484:INFO:setup() succesfully completed......................................
2022-04-18 22:34:56,589:INFO:Initializing compare_models()
2022-04-18 22:34:56,589:INFO:compare_models(include=None, fold=5, round=4, cross_validation=True, sort=Accuracy, n_select=1, budget_time=None, turbo=True, errors=ignore, fit_kwargs=None, groups=None, verbose=True, display=None, exclude=None)
2022-04-18 22:34:56,589:INFO:Checking exceptions
2022-04-18 22:34:56,589:INFO:Preparing display monitor
2022-04-18 22:34:56,590:INFO:Preparing display monitor
2022-04-18 22:34:56,616:INFO:Initializing Logistic Regression
2022-04-18 22:34:56,616:INFO:Total runtime is 3.421306610107422e-06 minutes
2022-04-18 22:34:56,627:INFO:SubProcess create_model() called ==================================
2022-04-18 22:34:56,627:INFO:Initializing create_model()
2022-04-18 22:34:56,628:INFO:create_model(estimator=lr, fold=StratifiedKFold(n_splits=5, random_state=None, shuffle=False), round=4, cross_validation=True, predict=True, fit_kwargs={}, groups=None, refit=False, verbose=False, system=False, metrics=None, add_to_model_list=True, display=<pycaret.internal.Display.Display object at 0x7f7f6705b970>, kwargs={})
2022-04-18 22:34:56,628:INFO:Checking exceptions
2022-04-18 22:34:56,628:INFO:Importing libraries
2022-04-18 22:34:56,628:INFO:Copying training dataset
2022-04-18 22:34:56,628:INFO:Defining folds
2022-04-18 22:34:56,629:INFO:Declaring metric variables
2022-04-18 22:34:56,639:INFO:Importing untrained model
2022-04-18 22:34:56,647:INFO:Logistic Regression Imported succesfully
2022-04-18 22:34:56,669:INFO:Starting cross validation
2022-04-18 22:34:56,670:INFO:Cross validating with StratifiedKFold(n_splits=5, random_state=None, shuffle=False), n_jobs=-1
2022-04-18 22:34:59,157:INFO:Calculating mean and std
2022-04-18 22:34:59,160:INFO:Creating metrics dataframe
2022-04-18 22:34:59,165:INFO:Uploading results into container
2022-04-18 22:34:59,165:INFO:Uploading model into container now
2022-04-18 22:34:59,165:INFO:create_model_container: 1
2022-04-18 22:34:59,165:INFO:master_model_container: 1
2022-04-18 22:34:59,165:INFO:display_container: 2
2022-04-18 22:34:59,166:INFO:LogisticRegression(C=1.0, class_weight=None, dual=False, fit_intercept=True,
                   intercept_scaling=1, l1_ratio=None, max_iter=1000,
                   multi_class='auto', n_jobs=None, penalty='l2',
                   random_state=679, solver='lbfgs', tol=0.0001, verbose=0,
                   warm_start=False)
2022-04-18 22:34:59,166:INFO:create_model() succesfully completed......................................
2022-04-18 22:34:59,279:INFO:SubProcess create_model() end ==================================
2022-04-18 22:34:59,279:INFO:Creating metrics dataframe
2022-04-18 22:34:59,295:INFO:Initializing K Neighbors Classifier
2022-04-18 22:34:59,295:INFO:Total runtime is 0.04464394251505534 minutes
2022-04-18 22:34:59,302:INFO:SubProcess create_model() called ==================================
2022-04-18 22:34:59,303:INFO:Initializing create_model()
2022-04-18 22:34:59,303:INFO:create_model(estimator=knn, fold=StratifiedKFold(n_splits=5, random_state=None, shuffle=False), round=4, cross_validation=True, predict=True, fit_kwargs={}, groups=None, refit=False, verbose=False, system=False, metrics=None, add_to_model_list=True, display=<pycaret.internal.Display.Display object at 0x7f7f6705b970>, kwargs={})
2022-04-18 22:34:59,303:INFO:Checking exceptions
2022-04-18 22:34:59,303:INFO:Importing libraries
2022-04-18 22:34:59,303:INFO:Copying training dataset
2022-04-18 22:34:59,304:INFO:Defining folds
2022-04-18 22:34:59,304:INFO:Declaring metric variables
2022-04-18 22:34:59,310:INFO:Importing untrained model
2022-04-18 22:34:59,317:INFO:K Neighbors Classifier Imported succesfully
2022-04-18 22:34:59,332:INFO:Starting cross validation
2022-04-18 22:34:59,333:INFO:Cross validating with StratifiedKFold(n_splits=5, random_state=None, shuffle=False), n_jobs=-1
2022-04-18 22:35:00,522:INFO:Calculating mean and std
2022-04-18 22:35:00,525:INFO:Creating metrics dataframe
2022-04-18 22:35:00,534:INFO:Uploading results into container
2022-04-18 22:35:00,534:INFO:Uploading model into container now
2022-04-18 22:35:00,534:INFO:create_model_container: 2
2022-04-18 22:35:00,534:INFO:master_model_container: 2
2022-04-18 22:35:00,534:INFO:display_container: 2
2022-04-18 22:35:00,535:INFO:KNeighborsClassifier(algorithm='auto', leaf_size=30, metric='minkowski',
                     metric_params=None, n_jobs=-1, n_neighbors=5, p=2,
                     weights='uniform')
2022-04-18 22:35:00,535:INFO:create_model() succesfully completed......................................
2022-04-18 22:35:00,664:INFO:SubProcess create_model() end ==================================
2022-04-18 22:35:00,664:INFO:Creating metrics dataframe
2022-04-18 22:35:00,678:INFO:Initializing Naive Bayes
2022-04-18 22:35:00,678:INFO:Total runtime is 0.0676947832107544 minutes
2022-04-18 22:35:00,686:INFO:SubProcess create_model() called ==================================
2022-04-18 22:35:00,686:INFO:Initializing create_model()
2022-04-18 22:35:00,686:INFO:create_model(estimator=nb, fold=StratifiedKFold(n_splits=5, random_state=None, shuffle=False), round=4, cross_validation=True, predict=True, fit_kwargs={}, groups=None, refit=False, verbose=False, system=False, metrics=None, add_to_model_list=True, display=<pycaret.internal.Display.Display object at 0x7f7f6705b970>, kwargs={})
2022-04-18 22:35:00,686:INFO:Checking exceptions
2022-04-18 22:35:00,686:INFO:Importing libraries
2022-04-18 22:35:00,686:INFO:Copying training dataset
2022-04-18 22:35:00,687:INFO:Defining folds
2022-04-18 22:35:00,687:INFO:Declaring metric variables
2022-04-18 22:35:00,695:INFO:Importing untrained model
2022-04-18 22:35:00,704:INFO:Naive Bayes Imported succesfully
2022-04-18 22:35:00,723:INFO:Starting cross validation
2022-04-18 22:35:00,723:INFO:Cross validating with StratifiedKFold(n_splits=5, random_state=None, shuffle=False), n_jobs=-1
2022-04-18 22:35:00,762:INFO:Calculating mean and std
2022-04-18 22:35:00,763:INFO:Creating metrics dataframe
2022-04-18 22:35:00,768:INFO:Uploading results into container
2022-04-18 22:35:00,768:INFO:Uploading model into container now
2022-04-18 22:35:00,768:INFO:create_model_container: 3
2022-04-18 22:35:00,768:INFO:master_model_container: 3
2022-04-18 22:35:00,768:INFO:display_container: 2
2022-04-18 22:35:00,768:INFO:GaussianNB(priors=None, var_smoothing=1e-09)
2022-04-18 22:35:00,768:INFO:create_model() succesfully completed......................................
2022-04-18 22:35:00,880:INFO:SubProcess create_model() end ==================================
2022-04-18 22:35:00,880:INFO:Creating metrics dataframe
2022-04-18 22:35:00,894:INFO:Initializing Decision Tree Classifier
2022-04-18 22:35:00,894:INFO:Total runtime is 0.07130117019017537 minutes
2022-04-18 22:35:00,902:INFO:SubProcess create_model() called ==================================
2022-04-18 22:35:00,903:INFO:Initializing create_model()
2022-04-18 22:35:00,903:INFO:create_model(estimator=dt, fold=StratifiedKFold(n_splits=5, random_state=None, shuffle=False), round=4, cross_validation=True, predict=True, fit_kwargs={}, groups=None, refit=False, verbose=False, system=False, metrics=None, add_to_model_list=True, display=<pycaret.internal.Display.Display object at 0x7f7f6705b970>, kwargs={})
2022-04-18 22:35:00,903:INFO:Checking exceptions
2022-04-18 22:35:00,903:INFO:Importing libraries
2022-04-18 22:35:00,903:INFO:Copying training dataset
2022-04-18 22:35:00,904:INFO:Defining folds
2022-04-18 22:35:00,904:INFO:Declaring metric variables
2022-04-18 22:35:00,913:INFO:Importing untrained model
2022-04-18 22:35:00,925:INFO:Decision Tree Classifier Imported succesfully
2022-04-18 22:35:00,945:INFO:Starting cross validation
2022-04-18 22:35:00,945:INFO:Cross validating with StratifiedKFold(n_splits=5, random_state=None, shuffle=False), n_jobs=-1
2022-04-18 22:35:00,990:INFO:Calculating mean and std
2022-04-18 22:35:00,991:INFO:Creating metrics dataframe
2022-04-18 22:35:00,994:INFO:Uploading results into container
2022-04-18 22:35:00,995:INFO:Uploading model into container now
2022-04-18 22:35:00,995:INFO:create_model_container: 4
2022-04-18 22:35:00,995:INFO:master_model_container: 4
2022-04-18 22:35:00,995:INFO:display_container: 2
2022-04-18 22:35:00,995:INFO:DecisionTreeClassifier(ccp_alpha=0.0, class_weight=None, criterion='gini',
                       max_depth=None, max_features=None, max_leaf_nodes=None,
                       min_impurity_decrease=0.0, min_impurity_split=None,
                       min_samples_leaf=1, min_samples_split=2,
                       min_weight_fraction_leaf=0.0, presort='deprecated',
                       random_state=679, splitter='best')
2022-04-18 22:35:00,995:INFO:create_model() succesfully completed......................................
2022-04-18 22:35:01,101:INFO:SubProcess create_model() end ==================================
2022-04-18 22:35:01,101:INFO:Creating metrics dataframe
2022-04-18 22:35:01,121:INFO:Initializing SVM - Linear Kernel
2022-04-18 22:35:01,121:INFO:Total runtime is 0.07508281866709392 minutes
2022-04-18 22:35:01,130:INFO:SubProcess create_model() called ==================================
2022-04-18 22:35:01,130:INFO:Initializing create_model()
2022-04-18 22:35:01,131:INFO:create_model(estimator=svm, fold=StratifiedKFold(n_splits=5, random_state=None, shuffle=False), round=4, cross_validation=True, predict=True, fit_kwargs={}, groups=None, refit=False, verbose=False, system=False, metrics=None, add_to_model_list=True, display=<pycaret.internal.Display.Display object at 0x7f7f6705b970>, kwargs={})
2022-04-18 22:35:01,131:INFO:Checking exceptions
2022-04-18 22:35:01,131:INFO:Importing libraries
2022-04-18 22:35:01,131:INFO:Copying training dataset
2022-04-18 22:35:01,131:INFO:Defining folds
2022-04-18 22:35:01,132:INFO:Declaring metric variables
2022-04-18 22:35:01,142:INFO:Importing untrained model
2022-04-18 22:35:01,153:INFO:SVM - Linear Kernel Imported succesfully
2022-04-18 22:35:01,173:INFO:Starting cross validation
2022-04-18 22:35:01,175:INFO:Cross validating with StratifiedKFold(n_splits=5, random_state=None, shuffle=False), n_jobs=-1
2022-04-18 22:35:01,233:INFO:Calculating mean and std
2022-04-18 22:35:01,235:INFO:Creating metrics dataframe
2022-04-18 22:35:01,245:INFO:Uploading results into container
2022-04-18 22:35:01,245:INFO:Uploading model into container now
2022-04-18 22:35:01,245:INFO:create_model_container: 5
2022-04-18 22:35:01,245:INFO:master_model_container: 5
2022-04-18 22:35:01,246:INFO:display_container: 2
2022-04-18 22:35:01,246:INFO:SGDClassifier(alpha=0.0001, average=False, class_weight=None,
              early_stopping=False, epsilon=0.1, eta0=0.001, fit_intercept=True,
              l1_ratio=0.15, learning_rate='optimal', loss='hinge',
              max_iter=1000, n_iter_no_change=5, n_jobs=-1, penalty='l2',
              power_t=0.5, random_state=679, shuffle=True, tol=0.001,
              validation_fraction=0.1, verbose=0, warm_start=False)
2022-04-18 22:35:01,247:INFO:create_model() succesfully completed......................................
2022-04-18 22:35:01,374:INFO:SubProcess create_model() end ==================================
2022-04-18 22:35:01,374:INFO:Creating metrics dataframe
2022-04-18 22:35:01,390:INFO:Initializing Ridge Classifier
2022-04-18 22:35:01,390:INFO:Total runtime is 0.07956206798553467 minutes
2022-04-18 22:35:01,397:INFO:SubProcess create_model() called ==================================
2022-04-18 22:35:01,397:INFO:Initializing create_model()
2022-04-18 22:35:01,397:INFO:create_model(estimator=ridge, fold=StratifiedKFold(n_splits=5, random_state=None, shuffle=False), round=4, cross_validation=True, predict=True, fit_kwargs={}, groups=None, refit=False, verbose=False, system=False, metrics=None, add_to_model_list=True, display=<pycaret.internal.Display.Display object at 0x7f7f6705b970>, kwargs={})
2022-04-18 22:35:01,397:INFO:Checking exceptions
2022-04-18 22:35:01,398:INFO:Importing libraries
2022-04-18 22:35:01,398:INFO:Copying training dataset
2022-04-18 22:35:01,398:INFO:Defining folds
2022-04-18 22:35:01,399:INFO:Declaring metric variables
2022-04-18 22:35:01,407:INFO:Importing untrained model
2022-04-18 22:35:01,415:INFO:Ridge Classifier Imported succesfully
2022-04-18 22:35:01,431:INFO:Starting cross validation
2022-04-18 22:35:01,432:INFO:Cross validating with StratifiedKFold(n_splits=5, random_state=None, shuffle=False), n_jobs=-1
2022-04-18 22:35:01,471:INFO:Calculating mean and std
2022-04-18 22:35:01,473:INFO:Creating metrics dataframe
2022-04-18 22:35:01,479:INFO:Uploading results into container
2022-04-18 22:35:01,480:INFO:Uploading model into container now
2022-04-18 22:35:01,480:INFO:create_model_container: 6
2022-04-18 22:35:01,480:INFO:master_model_container: 6
2022-04-18 22:35:01,480:INFO:display_container: 2
2022-04-18 22:35:01,480:INFO:RidgeClassifier(alpha=1.0, class_weight=None, copy_X=True, fit_intercept=True,
                max_iter=None, normalize=False, random_state=679, solver='auto',
                tol=0.001)
2022-04-18 22:35:01,480:INFO:create_model() succesfully completed......................................
2022-04-18 22:35:01,584:INFO:SubProcess create_model() end ==================================
2022-04-18 22:35:01,584:INFO:Creating metrics dataframe
2022-04-18 22:35:01,599:INFO:Initializing Random Forest Classifier
2022-04-18 22:35:01,600:INFO:Total runtime is 0.0830595334370931 minutes
2022-04-18 22:35:01,608:INFO:SubProcess create_model() called ==================================
2022-04-18 22:35:01,608:INFO:Initializing create_model()
2022-04-18 22:35:01,608:INFO:create_model(estimator=rf, fold=StratifiedKFold(n_splits=5, random_state=None, shuffle=False), round=4, cross_validation=True, predict=True, fit_kwargs={}, groups=None, refit=False, verbose=False, system=False, metrics=None, add_to_model_list=True, display=<pycaret.internal.Display.Display object at 0x7f7f6705b970>, kwargs={})
2022-04-18 22:35:01,608:INFO:Checking exceptions
2022-04-18 22:35:01,608:INFO:Importing libraries
2022-04-18 22:35:01,609:INFO:Copying training dataset
2022-04-18 22:35:01,609:INFO:Defining folds
2022-04-18 22:35:01,609:INFO:Declaring metric variables
2022-04-18 22:35:01,617:INFO:Importing untrained model
2022-04-18 22:35:01,627:INFO:Random Forest Classifier Imported succesfully
2022-04-18 22:35:01,645:INFO:Starting cross validation
2022-04-18 22:35:01,646:INFO:Cross validating with StratifiedKFold(n_splits=5, random_state=None, shuffle=False), n_jobs=-1
2022-04-18 22:35:02,165:INFO:Calculating mean and std
2022-04-18 22:35:02,166:INFO:Creating metrics dataframe
2022-04-18 22:35:02,169:INFO:Uploading results into container
2022-04-18 22:35:02,169:INFO:Uploading model into container now
2022-04-18 22:35:02,170:INFO:create_model_container: 7
2022-04-18 22:35:02,170:INFO:master_model_container: 7
2022-04-18 22:35:02,170:INFO:display_container: 2
2022-04-18 22:35:02,170:INFO:RandomForestClassifier(bootstrap=True, ccp_alpha=0.0, class_weight=None,
                       criterion='gini', max_depth=None, max_features='auto',
                       max_leaf_nodes=None, max_samples=None,
                       min_impurity_decrease=0.0, min_impurity_split=None,
                       min_samples_leaf=1, min_samples_split=2,
                       min_weight_fraction_leaf=0.0, n_estimators=100,
                       n_jobs=-1, oob_score=False, random_state=679, verbose=0,
                       warm_start=False)
2022-04-18 22:35:02,170:INFO:create_model() succesfully completed......................................
2022-04-18 22:35:02,265:INFO:SubProcess create_model() end ==================================
2022-04-18 22:35:02,265:INFO:Creating metrics dataframe
2022-04-18 22:35:02,280:INFO:Initializing Quadratic Discriminant Analysis
2022-04-18 22:35:02,280:INFO:Total runtime is 0.09440659681955973 minutes
2022-04-18 22:35:02,289:INFO:SubProcess create_model() called ==================================
2022-04-18 22:35:02,290:INFO:Initializing create_model()
2022-04-18 22:35:02,290:INFO:create_model(estimator=qda, fold=StratifiedKFold(n_splits=5, random_state=None, shuffle=False), round=4, cross_validation=True, predict=True, fit_kwargs={}, groups=None, refit=False, verbose=False, system=False, metrics=None, add_to_model_list=True, display=<pycaret.internal.Display.Display object at 0x7f7f6705b970>, kwargs={})
2022-04-18 22:35:02,290:INFO:Checking exceptions
2022-04-18 22:35:02,290:INFO:Importing libraries
2022-04-18 22:35:02,290:INFO:Copying training dataset
2022-04-18 22:35:02,291:INFO:Defining folds
2022-04-18 22:35:02,291:INFO:Declaring metric variables
2022-04-18 22:35:02,301:INFO:Importing untrained model
2022-04-18 22:35:02,311:INFO:Quadratic Discriminant Analysis Imported succesfully
2022-04-18 22:35:02,326:INFO:Starting cross validation
2022-04-18 22:35:02,327:INFO:Cross validating with StratifiedKFold(n_splits=5, random_state=None, shuffle=False), n_jobs=-1
2022-04-18 22:35:02,377:INFO:Calculating mean and std
2022-04-18 22:35:02,378:INFO:Creating metrics dataframe
2022-04-18 22:35:02,385:INFO:Uploading results into container
2022-04-18 22:35:02,386:INFO:Uploading model into container now
2022-04-18 22:35:02,386:INFO:create_model_container: 8
2022-04-18 22:35:02,386:INFO:master_model_container: 8
2022-04-18 22:35:02,386:INFO:display_container: 2
2022-04-18 22:35:02,386:INFO:QuadraticDiscriminantAnalysis(priors=None, reg_param=0.0,
                              store_covariance=False, tol=0.0001)
2022-04-18 22:35:02,387:INFO:create_model() succesfully completed......................................
2022-04-18 22:35:02,492:INFO:SubProcess create_model() end ==================================
2022-04-18 22:35:02,493:INFO:Creating metrics dataframe
2022-04-18 22:35:02,508:INFO:Initializing Ada Boost Classifier
2022-04-18 22:35:02,508:INFO:Total runtime is 0.09819548924763997 minutes
2022-04-18 22:35:02,516:INFO:SubProcess create_model() called ==================================
2022-04-18 22:35:02,517:INFO:Initializing create_model()
2022-04-18 22:35:02,517:INFO:create_model(estimator=ada, fold=StratifiedKFold(n_splits=5, random_state=None, shuffle=False), round=4, cross_validation=True, predict=True, fit_kwargs={}, groups=None, refit=False, verbose=False, system=False, metrics=None, add_to_model_list=True, display=<pycaret.internal.Display.Display object at 0x7f7f6705b970>, kwargs={})
2022-04-18 22:35:02,517:INFO:Checking exceptions
2022-04-18 22:35:02,517:INFO:Importing libraries
2022-04-18 22:35:02,517:INFO:Copying training dataset
2022-04-18 22:35:02,518:INFO:Defining folds
2022-04-18 22:35:02,518:INFO:Declaring metric variables
2022-04-18 22:35:02,525:INFO:Importing untrained model
2022-04-18 22:35:02,536:INFO:Ada Boost Classifier Imported succesfully
2022-04-18 22:35:02,552:INFO:Starting cross validation
2022-04-18 22:35:02,553:INFO:Cross validating with StratifiedKFold(n_splits=5, random_state=None, shuffle=False), n_jobs=-1
2022-04-18 22:35:02,807:INFO:Calculating mean and std
2022-04-18 22:35:02,808:INFO:Creating metrics dataframe
2022-04-18 22:35:02,811:INFO:Uploading results into container
2022-04-18 22:35:02,812:INFO:Uploading model into container now
2022-04-18 22:35:02,812:INFO:create_model_container: 9
2022-04-18 22:35:02,812:INFO:master_model_container: 9
2022-04-18 22:35:02,812:INFO:display_container: 2
2022-04-18 22:35:02,812:INFO:AdaBoostClassifier(algorithm='SAMME.R', base_estimator=None, learning_rate=1.0,
                   n_estimators=50, random_state=679)
2022-04-18 22:35:02,812:INFO:create_model() succesfully completed......................................
2022-04-18 22:35:02,914:INFO:SubProcess create_model() end ==================================
2022-04-18 22:35:02,914:INFO:Creating metrics dataframe
2022-04-18 22:35:02,932:INFO:Initializing Gradient Boosting Classifier
2022-04-18 22:35:02,932:INFO:Total runtime is 0.10527148246765136 minutes
2022-04-18 22:35:02,941:INFO:SubProcess create_model() called ==================================
2022-04-18 22:35:02,941:INFO:Initializing create_model()
2022-04-18 22:35:02,941:INFO:create_model(estimator=gbc, fold=StratifiedKFold(n_splits=5, random_state=None, shuffle=False), round=4, cross_validation=True, predict=True, fit_kwargs={}, groups=None, refit=False, verbose=False, system=False, metrics=None, add_to_model_list=True, display=<pycaret.internal.Display.Display object at 0x7f7f6705b970>, kwargs={})
2022-04-18 22:35:02,941:INFO:Checking exceptions
2022-04-18 22:35:02,941:INFO:Importing libraries
2022-04-18 22:35:02,941:INFO:Copying training dataset
2022-04-18 22:35:02,942:INFO:Defining folds
2022-04-18 22:35:02,943:INFO:Declaring metric variables
2022-04-18 22:35:02,950:INFO:Importing untrained model
2022-04-18 22:35:02,959:INFO:Gradient Boosting Classifier Imported succesfully
2022-04-18 22:35:02,974:INFO:Starting cross validation
2022-04-18 22:35:02,975:INFO:Cross validating with StratifiedKFold(n_splits=5, random_state=None, shuffle=False), n_jobs=-1
2022-04-18 22:35:03,433:INFO:Calculating mean and std
2022-04-18 22:35:03,433:INFO:Creating metrics dataframe
2022-04-18 22:35:03,437:INFO:Uploading results into container
2022-04-18 22:35:03,437:INFO:Uploading model into container now
2022-04-18 22:35:03,437:INFO:create_model_container: 10
2022-04-18 22:35:03,437:INFO:master_model_container: 10
2022-04-18 22:35:03,437:INFO:display_container: 2
2022-04-18 22:35:03,438:INFO:GradientBoostingClassifier(ccp_alpha=0.0, criterion='friedman_mse', init=None,
                           learning_rate=0.1, loss='deviance', max_depth=3,
                           max_features=None, max_leaf_nodes=None,
                           min_impurity_decrease=0.0, min_impurity_split=None,
                           min_samples_leaf=1, min_samples_split=2,
                           min_weight_fraction_leaf=0.0, n_estimators=100,
                           n_iter_no_change=None, presort='deprecated',
                           random_state=679, subsample=1.0, tol=0.0001,
                           validation_fraction=0.1, verbose=0,
                           warm_start=False)
2022-04-18 22:35:03,438:INFO:create_model() succesfully completed......................................
2022-04-18 22:35:03,541:INFO:SubProcess create_model() end ==================================
2022-04-18 22:35:03,541:INFO:Creating metrics dataframe
2022-04-18 22:35:03,558:INFO:Initializing Linear Discriminant Analysis
2022-04-18 22:35:03,558:INFO:Total runtime is 0.11570380926132201 minutes
2022-04-18 22:35:03,566:INFO:SubProcess create_model() called ==================================
2022-04-18 22:35:03,567:INFO:Initializing create_model()
2022-04-18 22:35:03,567:INFO:create_model(estimator=lda, fold=StratifiedKFold(n_splits=5, random_state=None, shuffle=False), round=4, cross_validation=True, predict=True, fit_kwargs={}, groups=None, refit=False, verbose=False, system=False, metrics=None, add_to_model_list=True, display=<pycaret.internal.Display.Display object at 0x7f7f6705b970>, kwargs={})
2022-04-18 22:35:03,567:INFO:Checking exceptions
2022-04-18 22:35:03,567:INFO:Importing libraries
2022-04-18 22:35:03,567:INFO:Copying training dataset
2022-04-18 22:35:03,568:INFO:Defining folds
2022-04-18 22:35:03,568:INFO:Declaring metric variables
2022-04-18 22:35:03,574:INFO:Importing untrained model
2022-04-18 22:35:03,581:INFO:Linear Discriminant Analysis Imported succesfully
2022-04-18 22:35:03,598:INFO:Starting cross validation
2022-04-18 22:35:03,599:INFO:Cross validating with StratifiedKFold(n_splits=5, random_state=None, shuffle=False), n_jobs=-1
2022-04-18 22:35:03,649:INFO:Calculating mean and std
2022-04-18 22:35:03,650:INFO:Creating metrics dataframe
2022-04-18 22:35:03,655:INFO:Uploading results into container
2022-04-18 22:35:03,655:INFO:Uploading model into container now
2022-04-18 22:35:03,655:INFO:create_model_container: 11
2022-04-18 22:35:03,655:INFO:master_model_container: 11
2022-04-18 22:35:03,655:INFO:display_container: 2
2022-04-18 22:35:03,656:INFO:LinearDiscriminantAnalysis(n_components=None, priors=None, shrinkage=None,
                           solver='svd', store_covariance=False, tol=0.0001)
2022-04-18 22:35:03,656:INFO:create_model() succesfully completed......................................
2022-04-18 22:35:03,774:INFO:SubProcess create_model() end ==================================
2022-04-18 22:35:03,774:INFO:Creating metrics dataframe
2022-04-18 22:35:03,790:INFO:Initializing Extra Trees Classifier
2022-04-18 22:35:03,790:INFO:Total runtime is 0.1195682366689046 minutes
2022-04-18 22:35:03,797:INFO:SubProcess create_model() called ==================================
2022-04-18 22:35:03,797:INFO:Initializing create_model()
2022-04-18 22:35:03,797:INFO:create_model(estimator=et, fold=StratifiedKFold(n_splits=5, random_state=None, shuffle=False), round=4, cross_validation=True, predict=True, fit_kwargs={}, groups=None, refit=False, verbose=False, system=False, metrics=None, add_to_model_list=True, display=<pycaret.internal.Display.Display object at 0x7f7f6705b970>, kwargs={})
2022-04-18 22:35:03,797:INFO:Checking exceptions
2022-04-18 22:35:03,797:INFO:Importing libraries
2022-04-18 22:35:03,797:INFO:Copying training dataset
2022-04-18 22:35:03,798:INFO:Defining folds
2022-04-18 22:35:03,798:INFO:Declaring metric variables
2022-04-18 22:35:03,804:INFO:Importing untrained model
2022-04-18 22:35:03,811:INFO:Extra Trees Classifier Imported succesfully
2022-04-18 22:35:03,825:INFO:Starting cross validation
2022-04-18 22:35:03,826:INFO:Cross validating with StratifiedKFold(n_splits=5, random_state=None, shuffle=False), n_jobs=-1
2022-04-18 22:35:04,283:INFO:Calculating mean and std
2022-04-18 22:35:04,284:INFO:Creating metrics dataframe
2022-04-18 22:35:04,287:INFO:Uploading results into container
2022-04-18 22:35:04,287:INFO:Uploading model into container now
2022-04-18 22:35:04,288:INFO:create_model_container: 12
2022-04-18 22:35:04,288:INFO:master_model_container: 12
2022-04-18 22:35:04,288:INFO:display_container: 2
2022-04-18 22:35:04,288:INFO:ExtraTreesClassifier(bootstrap=False, ccp_alpha=0.0, class_weight=None,
                     criterion='gini', max_depth=None, max_features='auto',
                     max_leaf_nodes=None, max_samples=None,
                     min_impurity_decrease=0.0, min_impurity_split=None,
                     min_samples_leaf=1, min_samples_split=2,
                     min_weight_fraction_leaf=0.0, n_estimators=100, n_jobs=-1,
                     oob_score=False, random_state=679, verbose=0,
                     warm_start=False)
2022-04-18 22:35:04,288:INFO:create_model() succesfully completed......................................
2022-04-18 22:35:04,388:INFO:SubProcess create_model() end ==================================
2022-04-18 22:35:04,388:INFO:Creating metrics dataframe
2022-04-18 22:35:04,405:INFO:Initializing Light Gradient Boosting Machine
2022-04-18 22:35:04,405:INFO:Total runtime is 0.1298170487085978 minutes
2022-04-18 22:35:04,413:INFO:SubProcess create_model() called ==================================
2022-04-18 22:35:04,413:INFO:Initializing create_model()
2022-04-18 22:35:04,413:INFO:create_model(estimator=lightgbm, fold=StratifiedKFold(n_splits=5, random_state=None, shuffle=False), round=4, cross_validation=True, predict=True, fit_kwargs={}, groups=None, refit=False, verbose=False, system=False, metrics=None, add_to_model_list=True, display=<pycaret.internal.Display.Display object at 0x7f7f6705b970>, kwargs={})
2022-04-18 22:35:04,413:INFO:Checking exceptions
2022-04-18 22:35:04,413:INFO:Importing libraries
2022-04-18 22:35:04,414:INFO:Copying training dataset
2022-04-18 22:35:04,414:INFO:Defining folds
2022-04-18 22:35:04,415:INFO:Declaring metric variables
2022-04-18 22:35:04,422:INFO:Importing untrained model
2022-04-18 22:35:04,431:INFO:Light Gradient Boosting Machine Imported succesfully
2022-04-18 22:35:04,450:INFO:Starting cross validation
2022-04-18 22:35:04,451:INFO:Cross validating with StratifiedKFold(n_splits=5, random_state=None, shuffle=False), n_jobs=-1
2022-04-18 22:35:04,633:INFO:Calculating mean and std
2022-04-18 22:35:04,634:INFO:Creating metrics dataframe
2022-04-18 22:35:04,638:INFO:Uploading results into container
2022-04-18 22:35:04,638:INFO:Uploading model into container now
2022-04-18 22:35:04,638:INFO:create_model_container: 13
2022-04-18 22:35:04,638:INFO:master_model_container: 13
2022-04-18 22:35:04,638:INFO:display_container: 2
2022-04-18 22:35:04,639:INFO:LGBMClassifier(boosting_type='gbdt', class_weight=None, colsample_bytree=1.0,
               importance_type='split', learning_rate=0.1, max_depth=-1,
               min_child_samples=20, min_child_weight=0.001, min_split_gain=0.0,
               n_estimators=100, n_jobs=-1, num_leaves=31, objective=None,
               random_state=679, reg_alpha=0.0, reg_lambda=0.0, silent='warn',
               subsample=1.0, subsample_for_bin=200000, subsample_freq=0)
2022-04-18 22:35:04,639:INFO:create_model() succesfully completed......................................
2022-04-18 22:35:04,737:INFO:SubProcess create_model() end ==================================
2022-04-18 22:35:04,737:INFO:Creating metrics dataframe
2022-04-18 22:35:04,773:INFO:Initializing create_model()
2022-04-18 22:35:04,773:INFO:create_model(estimator=LinearDiscriminantAnalysis(n_components=None, priors=None, shrinkage=None,
                           solver='svd', store_covariance=False, tol=0.0001), fold=StratifiedKFold(n_splits=5, random_state=None, shuffle=False), round=4, cross_validation=False, predict=False, fit_kwargs={}, groups=None, refit=True, verbose=False, system=False, metrics=None, add_to_model_list=True, display=None, kwargs={})
2022-04-18 22:35:04,773:INFO:Checking exceptions
2022-04-18 22:35:04,773:INFO:Importing libraries
2022-04-18 22:35:04,773:INFO:Copying training dataset
2022-04-18 22:35:04,774:INFO:Defining folds
2022-04-18 22:35:04,774:INFO:Declaring metric variables
2022-04-18 22:35:04,774:INFO:Importing untrained model
2022-04-18 22:35:04,774:INFO:Declaring custom model
2022-04-18 22:35:04,774:INFO:Linear Discriminant Analysis Imported succesfully
2022-04-18 22:35:04,774:INFO:Cross validation set to False
2022-04-18 22:35:04,774:INFO:Fitting Model
2022-04-18 22:35:04,796:INFO:LinearDiscriminantAnalysis(n_components=None, priors=None, shrinkage=None,
                           solver='svd', store_covariance=False, tol=0.0001)
2022-04-18 22:35:04,796:INFO:create_models() succesfully completed......................................
2022-04-18 22:35:05,021:INFO:create_model_container: 13
2022-04-18 22:35:05,021:INFO:master_model_container: 13
2022-04-18 22:35:05,021:INFO:display_container: 2
2022-04-18 22:35:05,022:INFO:LinearDiscriminantAnalysis(n_components=None, priors=None, shrinkage=None,
                           solver='svd', store_covariance=False, tol=0.0001)
2022-04-18 22:35:05,022:INFO:compare_models() succesfully completed......................................
2022-04-18 22:40:04,714:INFO:PyCaret Supervised Module
2022-04-18 22:40:04,714:INFO:ML Usecase: classification
2022-04-18 22:40:04,714:INFO:version 2.3.4
2022-04-18 22:40:04,714:INFO:Initializing setup()
2022-04-18 22:40:04,714:INFO:setup(target=ALLOW, ml_usecase=classification, available_plots={'parameter': 'Hyperparameters', 'auc': 'AUC', 'confusion_matrix': 'Confusion Matrix', 'threshold': 'Threshold', 'pr': 'Precision Recall', 'error': 'Prediction Error', 'class_report': 'Class Report', 'rfe': 'Feature Selection', 'learning': 'Learning Curve', 'manifold': 'Manifold Learning', 'calibration': 'Calibration Curve', 'vc': 'Validation Curve', 'dimension': 'Dimensions', 'feature': 'Feature Importance', 'feature_all': 'Feature Importance (All)', 'boundary': 'Decision Boundary', 'lift': 'Lift Chart', 'gain': 'Gain Chart', 'tree': 'Decision Tree', 'ks': 'KS Statistic Plot'}, train_size=0.7, test_data=None, preprocess=True, imputation_type=simple, iterative_imputation_iters=5, categorical_features=None, categorical_imputation=constant, categorical_iterative_imputer=lightgbm, ordinal_features=None, high_cardinality_features=None, high_cardinality_method=frequency, numeric_features=None, numeric_imputation=mean, numeric_iterative_imputer=lightgbm, date_features=None, ignore_features=None, normalize=False, normalize_method=zscore, transformation=False, transformation_method=yeo-johnson, handle_unknown_categorical=True, unknown_categorical_method=least_frequent, pca=False, pca_method=linear, pca_components=None, ignore_low_variance=False, combine_rare_levels=False, rare_level_threshold=0.1, bin_numeric_features=None, remove_outliers=False, outliers_threshold=0.05, remove_multicollinearity=False, multicollinearity_threshold=0.9, remove_perfect_collinearity=True, create_clusters=False, cluster_iter=20, polynomial_features=False, polynomial_degree=2, trigonometry_features=False, polynomial_threshold=0.1, group_features=None, group_names=None, feature_selection=False, feature_selection_threshold=0.8, feature_selection_method=classic, feature_interaction=False, feature_ratio=False, interaction_threshold=0.01, fix_imbalance=False, fix_imbalance_method=None, transform_target=False, transform_target_method=box-cox, data_split_shuffle=True, data_split_stratify=False, fold_strategy=stratifiedkfold, fold=10, fold_shuffle=False, fold_groups=None, n_jobs=-1, use_gpu=False, custom_pipeline=None, html=True, session_id=None, log_experiment=False, experiment_name=None, log_plots=False, log_profile=False, log_data=False, silent=False, verbose=True, profile=False, profile_kwargs=None, display=None)
2022-04-18 22:40:04,715:INFO:Checking environment
2022-04-18 22:40:04,715:INFO:python_version: 3.8.10
2022-04-18 22:40:04,715:INFO:python_build: ('default', 'Mar 15 2022 12:22:08')
2022-04-18 22:40:04,715:INFO:machine: x86_64
2022-04-18 22:40:04,715:INFO:platform: Linux-5.13.0-39-generic-x86_64-with-glibc2.29
2022-04-18 22:40:04,715:INFO:Memory: svmem(total=8076918784, available=1965887488, percent=75.7, used=5553123328, free=465793024, active=1257336832, inactive=5818724352, buffers=151846912, cached=1906155520, shared=246231040, slab=338423808)
2022-04-18 22:40:04,716:INFO:Physical Core: 4
2022-04-18 22:40:04,716:INFO:Logical Core: 8
2022-04-18 22:40:04,716:INFO:Checking libraries
2022-04-18 22:40:04,716:INFO:pd==1.2.4
2022-04-18 22:40:04,716:INFO:numpy==1.19.5
2022-04-18 22:40:04,716:INFO:sklearn==0.23.2
2022-04-18 22:40:04,716:INFO:lightgbm==3.3.1
2022-04-18 22:40:04,716:WARNING:catboost not found
2022-04-18 22:40:04,717:WARNING:xgboost not found
2022-04-18 22:40:04,717:INFO:mlflow==1.21.0
2022-04-18 22:40:04,717:INFO:Checking Exceptions
2022-04-18 22:40:04,717:INFO:Declaring global variables
2022-04-18 22:40:04,717:INFO:USI: 29d9
2022-04-18 22:40:04,717:INFO:pycaret_globals: {'_all_metrics', 'target_param', '_all_models_internal', 'iterative_imputation_iters_param', 'fold_generator', 'imputation_classifier', 'fold_param', 'fix_imbalance_param', 'transform_target_method_param', 'log_plots_param', 'data_before_preprocess', '_all_models', 'imputation_regressor', 'y_train', 'X', '_ml_usecase', 'experiment__', 'gpu_param', 'create_model_container', 'stratify_param', 'n_jobs_param', 'display_container', 'logging_param', 'transform_target_param', 'fix_imbalance_method_param', '_internal_pipeline', 'y_test', 'fold_shuffle_param', '_available_plots', 'pycaret_globals', 'exp_name_log', 'X_train', '_gpu_n_jobs_param', 'y', 'X_test', 'html_param', 'prep_pipe', 'fold_groups_param_full', 'fold_groups_param', 'seed', 'USI', 'master_model_container'}
2022-04-18 22:40:04,717:INFO:Preparing display monitor
2022-04-18 22:40:04,717:INFO:Preparing display monitor
2022-04-18 22:40:04,730:INFO:Importing libraries
2022-04-18 22:40:04,731:INFO:Copying data for preprocessing
2022-04-18 22:40:04,740:INFO:Declaring preprocessing parameters
2022-04-18 22:40:04,742:INFO:Creating preprocessing pipeline
2022-04-18 22:40:04,766:INFO:Preprocessing pipeline created successfully
2022-04-18 22:40:04,767:ERROR:(Process Exit): setup has been interupted with user command 'quit'. setup must rerun.
2022-04-18 22:40:04,767:INFO:Creating global containers
2022-04-18 22:40:04,767:INFO:Internal pipeline: Pipeline(memory=None, steps=[('empty_step', 'passthrough')], verbose=False)
2022-04-18 22:40:06,725:WARNING:Couldn't import xgboost.XGBClassifier
2022-04-18 22:40:06,725:WARNING:Couldn't import catboost.CatBoostClassifier
2022-04-18 22:40:06,785:WARNING:Couldn't import xgboost.XGBClassifier
2022-04-18 22:40:06,785:WARNING:Couldn't import catboost.CatBoostClassifier
2022-04-18 22:40:06,786:INFO:Creating grid variables
2022-04-18 22:40:06,800:INFO:create_model_container: 0
2022-04-18 22:40:06,800:INFO:master_model_container: 0
2022-04-18 22:40:06,800:INFO:display_container: 1
2022-04-18 22:40:06,805:INFO:Pipeline(memory=None,
         steps=[('dtypes',
                 DataTypes_Auto_infer(categorical_features=[],
                                      display_types=True, features_todrop=[],
                                      id_columns=[],
                                      ml_usecase='classification',
                                      numerical_features=[], target='ALLOW',
                                      time_features=[])),
                ('imputer',
                 Simple_Imputer(categorical_strategy='not_available',
                                fill_value_categorical=None,
                                fill_value_numerical=None,
                                numeric_strate...
                ('scaling', 'passthrough'), ('P_transform', 'passthrough'),
                ('binn', 'passthrough'), ('rem_outliers', 'passthrough'),
                ('cluster_all', 'passthrough'),
                ('dummy', Dummify(target='ALLOW')),
                ('fix_perfect', Remove_100(target='ALLOW')),
                ('clean_names', Clean_Colum_Names()),
                ('feature_select', 'passthrough'), ('fix_multi', 'passthrough'),
                ('dfs', 'passthrough'), ('pca', 'passthrough')],
         verbose=False)
2022-04-18 22:40:06,805:INFO:setup() succesfully completed......................................
2022-04-18 22:40:06,923:INFO:Initializing compare_models()
2022-04-18 22:40:06,924:INFO:compare_models(include=None, fold=5, round=4, cross_validation=True, sort=Accuracy, n_select=1, budget_time=None, turbo=True, errors=ignore, fit_kwargs=None, groups=None, verbose=True, display=None, exclude=None)
2022-04-18 22:40:06,924:INFO:Checking exceptions
2022-04-18 22:40:06,924:INFO:Preparing display monitor
2022-04-18 22:40:06,924:INFO:Preparing display monitor
2022-04-18 22:40:06,952:INFO:Initializing Logistic Regression
2022-04-18 22:40:06,952:INFO:Total runtime is 4.875659942626953e-06 minutes
2022-04-18 22:40:06,964:INFO:SubProcess create_model() called ==================================
2022-04-18 22:40:06,964:INFO:Initializing create_model()
2022-04-18 22:40:06,964:INFO:create_model(estimator=lr, fold=StratifiedKFold(n_splits=5, random_state=None, shuffle=False), round=4, cross_validation=True, predict=True, fit_kwargs={}, groups=None, refit=False, verbose=False, system=False, metrics=None, add_to_model_list=True, display=<pycaret.internal.Display.Display object at 0x7f7fa1565580>, kwargs={})
2022-04-18 22:40:06,964:INFO:Checking exceptions
2022-04-18 22:40:06,964:INFO:Importing libraries
2022-04-18 22:40:06,964:INFO:Copying training dataset
2022-04-18 22:40:06,966:INFO:Defining folds
2022-04-18 22:40:06,966:INFO:Declaring metric variables
2022-04-18 22:40:06,975:INFO:Importing untrained model
2022-04-18 22:40:06,987:INFO:Logistic Regression Imported succesfully
2022-04-18 22:40:07,008:INFO:Starting cross validation
2022-04-18 22:40:07,009:INFO:Cross validating with StratifiedKFold(n_splits=5, random_state=None, shuffle=False), n_jobs=-1
2022-04-18 22:40:08,237:INFO:Calculating mean and std
2022-04-18 22:40:08,238:INFO:Creating metrics dataframe
2022-04-18 22:40:08,243:INFO:Uploading results into container
2022-04-18 22:40:08,243:INFO:Uploading model into container now
2022-04-18 22:40:08,243:INFO:create_model_container: 1
2022-04-18 22:40:08,243:INFO:master_model_container: 1
2022-04-18 22:40:08,244:INFO:display_container: 2
2022-04-18 22:40:08,244:INFO:LogisticRegression(C=1.0, class_weight=None, dual=False, fit_intercept=True,
                   intercept_scaling=1, l1_ratio=None, max_iter=1000,
                   multi_class='auto', n_jobs=None, penalty='l2',
                   random_state=3207, solver='lbfgs', tol=0.0001, verbose=0,
                   warm_start=False)
2022-04-18 22:40:08,244:INFO:create_model() succesfully completed......................................
2022-04-18 22:40:08,367:INFO:SubProcess create_model() end ==================================
2022-04-18 22:40:08,367:INFO:Creating metrics dataframe
2022-04-18 22:40:08,381:INFO:Initializing K Neighbors Classifier
2022-04-18 22:40:08,381:INFO:Total runtime is 0.02383139133453369 minutes
2022-04-18 22:40:08,390:INFO:SubProcess create_model() called ==================================
2022-04-18 22:40:08,390:INFO:Initializing create_model()
2022-04-18 22:40:08,390:INFO:create_model(estimator=knn, fold=StratifiedKFold(n_splits=5, random_state=None, shuffle=False), round=4, cross_validation=True, predict=True, fit_kwargs={}, groups=None, refit=False, verbose=False, system=False, metrics=None, add_to_model_list=True, display=<pycaret.internal.Display.Display object at 0x7f7fa1565580>, kwargs={})
2022-04-18 22:40:08,390:INFO:Checking exceptions
2022-04-18 22:40:08,390:INFO:Importing libraries
2022-04-18 22:40:08,390:INFO:Copying training dataset
2022-04-18 22:40:08,391:INFO:Defining folds
2022-04-18 22:40:08,391:INFO:Declaring metric variables
2022-04-18 22:40:08,398:INFO:Importing untrained model
2022-04-18 22:40:08,406:INFO:K Neighbors Classifier Imported succesfully
2022-04-18 22:40:08,422:INFO:Starting cross validation
2022-04-18 22:40:08,422:INFO:Cross validating with StratifiedKFold(n_splits=5, random_state=None, shuffle=False), n_jobs=-1
2022-04-18 22:40:09,849:INFO:Calculating mean and std
2022-04-18 22:40:09,850:INFO:Creating metrics dataframe
2022-04-18 22:40:09,855:INFO:Uploading results into container
2022-04-18 22:40:09,856:INFO:Uploading model into container now
2022-04-18 22:40:09,856:INFO:create_model_container: 2
2022-04-18 22:40:09,856:INFO:master_model_container: 2
2022-04-18 22:40:09,856:INFO:display_container: 2
2022-04-18 22:40:09,857:INFO:KNeighborsClassifier(algorithm='auto', leaf_size=30, metric='minkowski',
                     metric_params=None, n_jobs=-1, n_neighbors=5, p=2,
                     weights='uniform')
2022-04-18 22:40:09,857:INFO:create_model() succesfully completed......................................
2022-04-18 22:40:09,978:INFO:SubProcess create_model() end ==================================
2022-04-18 22:40:09,978:INFO:Creating metrics dataframe
2022-04-18 22:40:09,991:INFO:Initializing Naive Bayes
2022-04-18 22:40:09,992:INFO:Total runtime is 0.05066651503245036 minutes
2022-04-18 22:40:09,999:INFO:SubProcess create_model() called ==================================
2022-04-18 22:40:09,999:INFO:Initializing create_model()
2022-04-18 22:40:10,000:INFO:create_model(estimator=nb, fold=StratifiedKFold(n_splits=5, random_state=None, shuffle=False), round=4, cross_validation=True, predict=True, fit_kwargs={}, groups=None, refit=False, verbose=False, system=False, metrics=None, add_to_model_list=True, display=<pycaret.internal.Display.Display object at 0x7f7fa1565580>, kwargs={})
2022-04-18 22:40:10,000:INFO:Checking exceptions
2022-04-18 22:40:10,000:INFO:Importing libraries
2022-04-18 22:40:10,000:INFO:Copying training dataset
2022-04-18 22:40:10,001:INFO:Defining folds
2022-04-18 22:40:10,001:INFO:Declaring metric variables
2022-04-18 22:40:10,009:INFO:Importing untrained model
2022-04-18 22:40:10,017:INFO:Naive Bayes Imported succesfully
2022-04-18 22:40:10,034:INFO:Starting cross validation
2022-04-18 22:40:10,034:INFO:Cross validating with StratifiedKFold(n_splits=5, random_state=None, shuffle=False), n_jobs=-1
2022-04-18 22:40:11,047:INFO:Calculating mean and std
2022-04-18 22:40:11,048:INFO:Creating metrics dataframe
2022-04-18 22:40:11,053:INFO:Uploading results into container
2022-04-18 22:40:11,053:INFO:Uploading model into container now
2022-04-18 22:40:11,053:INFO:create_model_container: 3
2022-04-18 22:40:11,053:INFO:master_model_container: 3
2022-04-18 22:40:11,053:INFO:display_container: 2
2022-04-18 22:40:11,054:INFO:GaussianNB(priors=None, var_smoothing=1e-09)
2022-04-18 22:40:11,054:INFO:create_model() succesfully completed......................................
2022-04-18 22:40:11,182:INFO:SubProcess create_model() end ==================================
2022-04-18 22:40:11,183:INFO:Creating metrics dataframe
2022-04-18 22:40:11,202:INFO:Initializing Decision Tree Classifier
2022-04-18 22:40:11,203:INFO:Total runtime is 0.07085138956705729 minutes
2022-04-18 22:40:11,217:INFO:SubProcess create_model() called ==================================
2022-04-18 22:40:11,217:INFO:Initializing create_model()
2022-04-18 22:40:11,217:INFO:create_model(estimator=dt, fold=StratifiedKFold(n_splits=5, random_state=None, shuffle=False), round=4, cross_validation=True, predict=True, fit_kwargs={}, groups=None, refit=False, verbose=False, system=False, metrics=None, add_to_model_list=True, display=<pycaret.internal.Display.Display object at 0x7f7fa1565580>, kwargs={})
2022-04-18 22:40:11,218:INFO:Checking exceptions
2022-04-18 22:40:11,218:INFO:Importing libraries
2022-04-18 22:40:11,218:INFO:Copying training dataset
2022-04-18 22:40:11,219:INFO:Defining folds
2022-04-18 22:40:11,219:INFO:Declaring metric variables
2022-04-18 22:40:11,230:INFO:Importing untrained model
2022-04-18 22:40:11,239:INFO:Decision Tree Classifier Imported succesfully
2022-04-18 22:40:11,260:INFO:Starting cross validation
2022-04-18 22:40:11,261:INFO:Cross validating with StratifiedKFold(n_splits=5, random_state=None, shuffle=False), n_jobs=-1
2022-04-18 22:40:11,308:INFO:Calculating mean and std
2022-04-18 22:40:11,309:INFO:Creating metrics dataframe
2022-04-18 22:40:11,314:INFO:Uploading results into container
2022-04-18 22:40:11,314:INFO:Uploading model into container now
2022-04-18 22:40:11,314:INFO:create_model_container: 4
2022-04-18 22:40:11,314:INFO:master_model_container: 4
2022-04-18 22:40:11,314:INFO:display_container: 2
2022-04-18 22:40:11,315:INFO:DecisionTreeClassifier(ccp_alpha=0.0, class_weight=None, criterion='gini',
                       max_depth=None, max_features=None, max_leaf_nodes=None,
                       min_impurity_decrease=0.0, min_impurity_split=None,
                       min_samples_leaf=1, min_samples_split=2,
                       min_weight_fraction_leaf=0.0, presort='deprecated',
                       random_state=3207, splitter='best')
2022-04-18 22:40:11,315:INFO:create_model() succesfully completed......................................
2022-04-18 22:40:11,432:INFO:SubProcess create_model() end ==================================
2022-04-18 22:40:11,433:INFO:Creating metrics dataframe
2022-04-18 22:40:11,447:INFO:Initializing SVM - Linear Kernel
2022-04-18 22:40:11,447:INFO:Total runtime is 0.0749190092086792 minutes
2022-04-18 22:40:11,455:INFO:SubProcess create_model() called ==================================
2022-04-18 22:40:11,456:INFO:Initializing create_model()
2022-04-18 22:40:11,456:INFO:create_model(estimator=svm, fold=StratifiedKFold(n_splits=5, random_state=None, shuffle=False), round=4, cross_validation=True, predict=True, fit_kwargs={}, groups=None, refit=False, verbose=False, system=False, metrics=None, add_to_model_list=True, display=<pycaret.internal.Display.Display object at 0x7f7fa1565580>, kwargs={})
2022-04-18 22:40:11,456:INFO:Checking exceptions
2022-04-18 22:40:11,456:INFO:Importing libraries
2022-04-18 22:40:11,456:INFO:Copying training dataset
2022-04-18 22:40:11,457:INFO:Defining folds
2022-04-18 22:40:11,457:INFO:Declaring metric variables
2022-04-18 22:40:11,465:INFO:Importing untrained model
2022-04-18 22:40:11,476:INFO:SVM - Linear Kernel Imported succesfully
2022-04-18 22:40:11,493:INFO:Starting cross validation
2022-04-18 22:40:11,493:INFO:Cross validating with StratifiedKFold(n_splits=5, random_state=None, shuffle=False), n_jobs=-1
2022-04-18 22:40:11,553:INFO:Calculating mean and std
2022-04-18 22:40:11,553:INFO:Creating metrics dataframe
2022-04-18 22:40:11,559:INFO:Uploading results into container
2022-04-18 22:40:11,559:INFO:Uploading model into container now
2022-04-18 22:40:11,559:INFO:create_model_container: 5
2022-04-18 22:40:11,559:INFO:master_model_container: 5
2022-04-18 22:40:11,559:INFO:display_container: 2
2022-04-18 22:40:11,560:INFO:SGDClassifier(alpha=0.0001, average=False, class_weight=None,
              early_stopping=False, epsilon=0.1, eta0=0.001, fit_intercept=True,
              l1_ratio=0.15, learning_rate='optimal', loss='hinge',
              max_iter=1000, n_iter_no_change=5, n_jobs=-1, penalty='l2',
              power_t=0.5, random_state=3207, shuffle=True, tol=0.001,
              validation_fraction=0.1, verbose=0, warm_start=False)
2022-04-18 22:40:11,560:INFO:create_model() succesfully completed......................................
2022-04-18 22:40:11,675:INFO:SubProcess create_model() end ==================================
2022-04-18 22:40:11,675:INFO:Creating metrics dataframe
2022-04-18 22:40:11,690:INFO:Initializing Ridge Classifier
2022-04-18 22:40:11,690:INFO:Total runtime is 0.07897233565648397 minutes
2022-04-18 22:40:11,696:INFO:SubProcess create_model() called ==================================
2022-04-18 22:40:11,697:INFO:Initializing create_model()
2022-04-18 22:40:11,697:INFO:create_model(estimator=ridge, fold=StratifiedKFold(n_splits=5, random_state=None, shuffle=False), round=4, cross_validation=True, predict=True, fit_kwargs={}, groups=None, refit=False, verbose=False, system=False, metrics=None, add_to_model_list=True, display=<pycaret.internal.Display.Display object at 0x7f7fa1565580>, kwargs={})
2022-04-18 22:40:11,697:INFO:Checking exceptions
2022-04-18 22:40:11,697:INFO:Importing libraries
2022-04-18 22:40:11,697:INFO:Copying training dataset
2022-04-18 22:40:11,697:INFO:Defining folds
2022-04-18 22:40:11,698:INFO:Declaring metric variables
2022-04-18 22:40:11,704:INFO:Importing untrained model
2022-04-18 22:40:11,710:INFO:Ridge Classifier Imported succesfully
2022-04-18 22:40:11,726:INFO:Starting cross validation
2022-04-18 22:40:11,727:INFO:Cross validating with StratifiedKFold(n_splits=5, random_state=None, shuffle=False), n_jobs=-1
2022-04-18 22:40:11,757:INFO:Calculating mean and std
2022-04-18 22:40:11,758:INFO:Creating metrics dataframe
2022-04-18 22:40:11,763:INFO:Uploading results into container
2022-04-18 22:40:11,763:INFO:Uploading model into container now
2022-04-18 22:40:11,763:INFO:create_model_container: 6
2022-04-18 22:40:11,763:INFO:master_model_container: 6
2022-04-18 22:40:11,764:INFO:display_container: 2
2022-04-18 22:40:11,764:INFO:RidgeClassifier(alpha=1.0, class_weight=None, copy_X=True, fit_intercept=True,
                max_iter=None, normalize=False, random_state=3207,
                solver='auto', tol=0.001)
2022-04-18 22:40:11,764:INFO:create_model() succesfully completed......................................
2022-04-18 22:40:11,885:INFO:SubProcess create_model() end ==================================
2022-04-18 22:40:11,886:INFO:Creating metrics dataframe
2022-04-18 22:40:11,900:INFO:Initializing Random Forest Classifier
2022-04-18 22:40:11,900:INFO:Total runtime is 0.08248247702916463 minutes
2022-04-18 22:40:11,909:INFO:SubProcess create_model() called ==================================
2022-04-18 22:40:11,909:INFO:Initializing create_model()
2022-04-18 22:40:11,909:INFO:create_model(estimator=rf, fold=StratifiedKFold(n_splits=5, random_state=None, shuffle=False), round=4, cross_validation=True, predict=True, fit_kwargs={}, groups=None, refit=False, verbose=False, system=False, metrics=None, add_to_model_list=True, display=<pycaret.internal.Display.Display object at 0x7f7fa1565580>, kwargs={})
2022-04-18 22:40:11,909:INFO:Checking exceptions
2022-04-18 22:40:11,909:INFO:Importing libraries
2022-04-18 22:40:11,909:INFO:Copying training dataset
2022-04-18 22:40:11,910:INFO:Defining folds
2022-04-18 22:40:11,910:INFO:Declaring metric variables
2022-04-18 22:40:11,918:INFO:Importing untrained model
2022-04-18 22:40:11,927:INFO:Random Forest Classifier Imported succesfully
2022-04-18 22:40:11,945:INFO:Starting cross validation
2022-04-18 22:40:11,945:INFO:Cross validating with StratifiedKFold(n_splits=5, random_state=None, shuffle=False), n_jobs=-1
2022-04-18 22:40:12,482:INFO:Calculating mean and std
2022-04-18 22:40:12,482:INFO:Creating metrics dataframe
2022-04-18 22:40:12,486:INFO:Uploading results into container
2022-04-18 22:40:12,486:INFO:Uploading model into container now
2022-04-18 22:40:12,486:INFO:create_model_container: 7
2022-04-18 22:40:12,486:INFO:master_model_container: 7
2022-04-18 22:40:12,486:INFO:display_container: 2
2022-04-18 22:40:12,487:INFO:RandomForestClassifier(bootstrap=True, ccp_alpha=0.0, class_weight=None,
                       criterion='gini', max_depth=None, max_features='auto',
                       max_leaf_nodes=None, max_samples=None,
                       min_impurity_decrease=0.0, min_impurity_split=None,
                       min_samples_leaf=1, min_samples_split=2,
                       min_weight_fraction_leaf=0.0, n_estimators=100,
                       n_jobs=-1, oob_score=False, random_state=3207, verbose=0,
                       warm_start=False)
2022-04-18 22:40:12,487:INFO:create_model() succesfully completed......................................
2022-04-18 22:40:12,597:INFO:SubProcess create_model() end ==================================
2022-04-18 22:40:12,598:INFO:Creating metrics dataframe
2022-04-18 22:40:12,614:INFO:Initializing Quadratic Discriminant Analysis
2022-04-18 22:40:12,615:INFO:Total runtime is 0.0943849762280782 minutes
2022-04-18 22:40:12,625:INFO:SubProcess create_model() called ==================================
2022-04-18 22:40:12,625:INFO:Initializing create_model()
2022-04-18 22:40:12,625:INFO:create_model(estimator=qda, fold=StratifiedKFold(n_splits=5, random_state=None, shuffle=False), round=4, cross_validation=True, predict=True, fit_kwargs={}, groups=None, refit=False, verbose=False, system=False, metrics=None, add_to_model_list=True, display=<pycaret.internal.Display.Display object at 0x7f7fa1565580>, kwargs={})
2022-04-18 22:40:12,625:INFO:Checking exceptions
2022-04-18 22:40:12,625:INFO:Importing libraries
2022-04-18 22:40:12,625:INFO:Copying training dataset
2022-04-18 22:40:12,626:INFO:Defining folds
2022-04-18 22:40:12,626:INFO:Declaring metric variables
2022-04-18 22:40:12,634:INFO:Importing untrained model
2022-04-18 22:40:12,644:INFO:Quadratic Discriminant Analysis Imported succesfully
2022-04-18 22:40:12,663:INFO:Starting cross validation
2022-04-18 22:40:12,664:INFO:Cross validating with StratifiedKFold(n_splits=5, random_state=None, shuffle=False), n_jobs=-1
2022-04-18 22:40:12,714:INFO:Calculating mean and std
2022-04-18 22:40:12,715:INFO:Creating metrics dataframe
2022-04-18 22:40:12,721:INFO:Uploading results into container
2022-04-18 22:40:12,721:INFO:Uploading model into container now
2022-04-18 22:40:12,721:INFO:create_model_container: 8
2022-04-18 22:40:12,721:INFO:master_model_container: 8
2022-04-18 22:40:12,721:INFO:display_container: 2
2022-04-18 22:40:12,722:INFO:QuadraticDiscriminantAnalysis(priors=None, reg_param=0.0,
                              store_covariance=False, tol=0.0001)
2022-04-18 22:40:12,722:INFO:create_model() succesfully completed......................................
2022-04-18 22:40:12,845:INFO:SubProcess create_model() end ==================================
2022-04-18 22:40:12,845:INFO:Creating metrics dataframe
2022-04-18 22:40:12,861:INFO:Initializing Ada Boost Classifier
2022-04-18 22:40:12,861:INFO:Total runtime is 0.09848957459131877 minutes
2022-04-18 22:40:12,869:INFO:SubProcess create_model() called ==================================
2022-04-18 22:40:12,870:INFO:Initializing create_model()
2022-04-18 22:40:12,870:INFO:create_model(estimator=ada, fold=StratifiedKFold(n_splits=5, random_state=None, shuffle=False), round=4, cross_validation=True, predict=True, fit_kwargs={}, groups=None, refit=False, verbose=False, system=False, metrics=None, add_to_model_list=True, display=<pycaret.internal.Display.Display object at 0x7f7fa1565580>, kwargs={})
2022-04-18 22:40:12,870:INFO:Checking exceptions
2022-04-18 22:40:12,870:INFO:Importing libraries
2022-04-18 22:40:12,870:INFO:Copying training dataset
2022-04-18 22:40:12,871:INFO:Defining folds
2022-04-18 22:40:12,871:INFO:Declaring metric variables
2022-04-18 22:40:12,878:INFO:Importing untrained model
2022-04-18 22:40:12,886:INFO:Ada Boost Classifier Imported succesfully
2022-04-18 22:40:12,916:INFO:Starting cross validation
2022-04-18 22:40:12,916:INFO:Cross validating with StratifiedKFold(n_splits=5, random_state=None, shuffle=False), n_jobs=-1
2022-04-18 22:40:13,175:INFO:Calculating mean and std
2022-04-18 22:40:13,176:INFO:Creating metrics dataframe
2022-04-18 22:40:13,179:INFO:Uploading results into container
2022-04-18 22:40:13,179:INFO:Uploading model into container now
2022-04-18 22:40:13,179:INFO:create_model_container: 9
2022-04-18 22:40:13,179:INFO:master_model_container: 9
2022-04-18 22:40:13,179:INFO:display_container: 2
2022-04-18 22:40:13,179:INFO:AdaBoostClassifier(algorithm='SAMME.R', base_estimator=None, learning_rate=1.0,
                   n_estimators=50, random_state=3207)
2022-04-18 22:40:13,179:INFO:create_model() succesfully completed......................................
2022-04-18 22:40:13,292:INFO:SubProcess create_model() end ==================================
2022-04-18 22:40:13,292:INFO:Creating metrics dataframe
2022-04-18 22:40:13,309:INFO:Initializing Gradient Boosting Classifier
2022-04-18 22:40:13,309:INFO:Total runtime is 0.10596446593602499 minutes
2022-04-18 22:40:13,318:INFO:SubProcess create_model() called ==================================
2022-04-18 22:40:13,318:INFO:Initializing create_model()
2022-04-18 22:40:13,318:INFO:create_model(estimator=gbc, fold=StratifiedKFold(n_splits=5, random_state=None, shuffle=False), round=4, cross_validation=True, predict=True, fit_kwargs={}, groups=None, refit=False, verbose=False, system=False, metrics=None, add_to_model_list=True, display=<pycaret.internal.Display.Display object at 0x7f7fa1565580>, kwargs={})
2022-04-18 22:40:13,318:INFO:Checking exceptions
2022-04-18 22:40:13,318:INFO:Importing libraries
2022-04-18 22:40:13,318:INFO:Copying training dataset
2022-04-18 22:40:13,319:INFO:Defining folds
2022-04-18 22:40:13,320:INFO:Declaring metric variables
2022-04-18 22:40:13,330:INFO:Importing untrained model
2022-04-18 22:40:13,339:INFO:Gradient Boosting Classifier Imported succesfully
2022-04-18 22:40:13,355:INFO:Starting cross validation
2022-04-18 22:40:13,356:INFO:Cross validating with StratifiedKFold(n_splits=5, random_state=None, shuffle=False), n_jobs=-1
2022-04-18 22:40:13,805:INFO:Calculating mean and std
2022-04-18 22:40:13,806:INFO:Creating metrics dataframe
2022-04-18 22:40:13,810:INFO:Uploading results into container
2022-04-18 22:40:13,810:INFO:Uploading model into container now
2022-04-18 22:40:13,811:INFO:create_model_container: 10
2022-04-18 22:40:13,811:INFO:master_model_container: 10
2022-04-18 22:40:13,811:INFO:display_container: 2
2022-04-18 22:40:13,811:INFO:GradientBoostingClassifier(ccp_alpha=0.0, criterion='friedman_mse', init=None,
                           learning_rate=0.1, loss='deviance', max_depth=3,
                           max_features=None, max_leaf_nodes=None,
                           min_impurity_decrease=0.0, min_impurity_split=None,
                           min_samples_leaf=1, min_samples_split=2,
                           min_weight_fraction_leaf=0.0, n_estimators=100,
                           n_iter_no_change=None, presort='deprecated',
                           random_state=3207, subsample=1.0, tol=0.0001,
                           validation_fraction=0.1, verbose=0,
                           warm_start=False)
2022-04-18 22:40:13,811:INFO:create_model() succesfully completed......................................
2022-04-18 22:40:13,907:INFO:SubProcess create_model() end ==================================
2022-04-18 22:40:13,907:INFO:Creating metrics dataframe
2022-04-18 22:40:13,922:INFO:Initializing Linear Discriminant Analysis
2022-04-18 22:40:13,923:INFO:Total runtime is 0.11618328889211019 minutes
2022-04-18 22:40:13,932:INFO:SubProcess create_model() called ==================================
2022-04-18 22:40:13,932:INFO:Initializing create_model()
2022-04-18 22:40:13,932:INFO:create_model(estimator=lda, fold=StratifiedKFold(n_splits=5, random_state=None, shuffle=False), round=4, cross_validation=True, predict=True, fit_kwargs={}, groups=None, refit=False, verbose=False, system=False, metrics=None, add_to_model_list=True, display=<pycaret.internal.Display.Display object at 0x7f7fa1565580>, kwargs={})
2022-04-18 22:40:13,932:INFO:Checking exceptions
2022-04-18 22:40:13,933:INFO:Importing libraries
2022-04-18 22:40:13,933:INFO:Copying training dataset
2022-04-18 22:40:13,933:INFO:Defining folds
2022-04-18 22:40:13,934:INFO:Declaring metric variables
2022-04-18 22:40:13,943:INFO:Importing untrained model
2022-04-18 22:40:13,952:INFO:Linear Discriminant Analysis Imported succesfully
2022-04-18 22:40:13,969:INFO:Starting cross validation
2022-04-18 22:40:13,970:INFO:Cross validating with StratifiedKFold(n_splits=5, random_state=None, shuffle=False), n_jobs=-1
2022-04-18 22:40:14,015:INFO:Calculating mean and std
2022-04-18 22:40:14,016:INFO:Creating metrics dataframe
2022-04-18 22:40:14,020:INFO:Uploading results into container
2022-04-18 22:40:14,020:INFO:Uploading model into container now
2022-04-18 22:40:14,020:INFO:create_model_container: 11
2022-04-18 22:40:14,020:INFO:master_model_container: 11
2022-04-18 22:40:14,020:INFO:display_container: 2
2022-04-18 22:40:14,020:INFO:LinearDiscriminantAnalysis(n_components=None, priors=None, shrinkage=None,
                           solver='svd', store_covariance=False, tol=0.0001)
2022-04-18 22:40:14,020:INFO:create_model() succesfully completed......................................
2022-04-18 22:40:14,121:INFO:SubProcess create_model() end ==================================
2022-04-18 22:40:14,121:INFO:Creating metrics dataframe
2022-04-18 22:40:14,137:INFO:Initializing Extra Trees Classifier
2022-04-18 22:40:14,137:INFO:Total runtime is 0.11975805759429932 minutes
2022-04-18 22:40:14,145:INFO:SubProcess create_model() called ==================================
2022-04-18 22:40:14,145:INFO:Initializing create_model()
2022-04-18 22:40:14,145:INFO:create_model(estimator=et, fold=StratifiedKFold(n_splits=5, random_state=None, shuffle=False), round=4, cross_validation=True, predict=True, fit_kwargs={}, groups=None, refit=False, verbose=False, system=False, metrics=None, add_to_model_list=True, display=<pycaret.internal.Display.Display object at 0x7f7fa1565580>, kwargs={})
2022-04-18 22:40:14,145:INFO:Checking exceptions
2022-04-18 22:40:14,145:INFO:Importing libraries
2022-04-18 22:40:14,145:INFO:Copying training dataset
2022-04-18 22:40:14,146:INFO:Defining folds
2022-04-18 22:40:14,146:INFO:Declaring metric variables
2022-04-18 22:40:14,154:INFO:Importing untrained model
2022-04-18 22:40:14,162:INFO:Extra Trees Classifier Imported succesfully
2022-04-18 22:40:14,179:INFO:Starting cross validation
2022-04-18 22:40:14,180:INFO:Cross validating with StratifiedKFold(n_splits=5, random_state=None, shuffle=False), n_jobs=-1
2022-04-18 22:40:14,654:INFO:Calculating mean and std
2022-04-18 22:40:14,654:INFO:Creating metrics dataframe
2022-04-18 22:40:14,658:INFO:Uploading results into container
2022-04-18 22:40:14,658:INFO:Uploading model into container now
2022-04-18 22:40:14,658:INFO:create_model_container: 12
2022-04-18 22:40:14,658:INFO:master_model_container: 12
2022-04-18 22:40:14,658:INFO:display_container: 2
2022-04-18 22:40:14,659:INFO:ExtraTreesClassifier(bootstrap=False, ccp_alpha=0.0, class_weight=None,
                     criterion='gini', max_depth=None, max_features='auto',
                     max_leaf_nodes=None, max_samples=None,
                     min_impurity_decrease=0.0, min_impurity_split=None,
                     min_samples_leaf=1, min_samples_split=2,
                     min_weight_fraction_leaf=0.0, n_estimators=100, n_jobs=-1,
                     oob_score=False, random_state=3207, verbose=0,
                     warm_start=False)
2022-04-18 22:40:14,659:INFO:create_model() succesfully completed......................................
2022-04-18 22:40:14,760:INFO:SubProcess create_model() end ==================================
2022-04-18 22:40:14,761:INFO:Creating metrics dataframe
2022-04-18 22:40:14,778:INFO:Initializing Light Gradient Boosting Machine
2022-04-18 22:40:14,778:INFO:Total runtime is 0.1304469347000122 minutes
2022-04-18 22:40:14,786:INFO:SubProcess create_model() called ==================================
2022-04-18 22:40:14,787:INFO:Initializing create_model()
2022-04-18 22:40:14,787:INFO:create_model(estimator=lightgbm, fold=StratifiedKFold(n_splits=5, random_state=None, shuffle=False), round=4, cross_validation=True, predict=True, fit_kwargs={}, groups=None, refit=False, verbose=False, system=False, metrics=None, add_to_model_list=True, display=<pycaret.internal.Display.Display object at 0x7f7fa1565580>, kwargs={})
2022-04-18 22:40:14,787:INFO:Checking exceptions
2022-04-18 22:40:14,787:INFO:Importing libraries
2022-04-18 22:40:14,787:INFO:Copying training dataset
2022-04-18 22:40:14,788:INFO:Defining folds
2022-04-18 22:40:14,788:INFO:Declaring metric variables
2022-04-18 22:40:14,795:INFO:Importing untrained model
2022-04-18 22:40:14,804:INFO:Light Gradient Boosting Machine Imported succesfully
2022-04-18 22:40:14,827:INFO:Starting cross validation
2022-04-18 22:40:14,828:INFO:Cross validating with StratifiedKFold(n_splits=5, random_state=None, shuffle=False), n_jobs=-1
2022-04-18 22:40:15,017:INFO:Calculating mean and std
2022-04-18 22:40:15,018:INFO:Creating metrics dataframe
2022-04-18 22:40:15,022:INFO:Uploading results into container
2022-04-18 22:40:15,022:INFO:Uploading model into container now
2022-04-18 22:40:15,022:INFO:create_model_container: 13
2022-04-18 22:40:15,022:INFO:master_model_container: 13
2022-04-18 22:40:15,022:INFO:display_container: 2
2022-04-18 22:40:15,023:INFO:LGBMClassifier(boosting_type='gbdt', class_weight=None, colsample_bytree=1.0,
               importance_type='split', learning_rate=0.1, max_depth=-1,
               min_child_samples=20, min_child_weight=0.001, min_split_gain=0.0,
               n_estimators=100, n_jobs=-1, num_leaves=31, objective=None,
               random_state=3207, reg_alpha=0.0, reg_lambda=0.0, silent='warn',
               subsample=1.0, subsample_for_bin=200000, subsample_freq=0)
2022-04-18 22:40:15,023:INFO:create_model() succesfully completed......................................
2022-04-18 22:40:15,123:INFO:SubProcess create_model() end ==================================
2022-04-18 22:40:15,123:INFO:Creating metrics dataframe
2022-04-18 22:40:15,162:INFO:Initializing create_model()
2022-04-18 22:40:15,162:INFO:create_model(estimator=RidgeClassifier(alpha=1.0, class_weight=None, copy_X=True, fit_intercept=True,
                max_iter=None, normalize=False, random_state=3207,
                solver='auto', tol=0.001), fold=StratifiedKFold(n_splits=5, random_state=None, shuffle=False), round=4, cross_validation=False, predict=False, fit_kwargs={}, groups=None, refit=True, verbose=False, system=False, metrics=None, add_to_model_list=True, display=None, kwargs={})
2022-04-18 22:40:15,162:INFO:Checking exceptions
2022-04-18 22:40:15,162:INFO:Importing libraries
2022-04-18 22:40:15,162:INFO:Copying training dataset
2022-04-18 22:40:15,163:INFO:Defining folds
2022-04-18 22:40:15,163:INFO:Declaring metric variables
2022-04-18 22:40:15,163:INFO:Importing untrained model
2022-04-18 22:40:15,163:INFO:Declaring custom model
2022-04-18 22:40:15,163:INFO:Ridge Classifier Imported succesfully
2022-04-18 22:40:15,164:INFO:Cross validation set to False
2022-04-18 22:40:15,164:INFO:Fitting Model
2022-04-18 22:40:15,199:INFO:RidgeClassifier(alpha=1.0, class_weight=None, copy_X=True, fit_intercept=True,
                max_iter=None, normalize=False, random_state=3207,
                solver='auto', tol=0.001)
2022-04-18 22:40:15,199:INFO:create_models() succesfully completed......................................
2022-04-18 22:40:15,492:INFO:create_model_container: 13
2022-04-18 22:40:15,492:INFO:master_model_container: 13
2022-04-18 22:40:15,492:INFO:display_container: 2
2022-04-18 22:40:15,493:INFO:RidgeClassifier(alpha=1.0, class_weight=None, copy_X=True, fit_intercept=True,
                max_iter=None, normalize=False, random_state=3207,
                solver='auto', tol=0.001)
2022-04-18 22:40:15,493:INFO:compare_models() succesfully completed......................................
